数据库现有结果 {'id': '1', 'issue': '2021277', 'lastIssue': '2021276'}——————23:54:30
获取开奖配置——————23:54:30
数据库现有结果 {'id': '1', 'issue': '2021277', 'lastIssue': '2021276'}——————23:57:30
获取开奖配置——————23:57:30
数据库现有结果 {'id': '1', 'issue': '2021277', 'lastIssue': '2021276'}——————23:57:56
获取开奖配置123——————23:57:56
数据库现有结果 {'id': '1', 'issue': '2021277', 'lastIssue': '2021276'}——————23:58:16
获取开奖配置123——————23:58:16
数据库现有结果 {'id': '1', 'issue': '2021277', 'lastIssue': '2021276'}——————23:59:23
获取开奖配置123——————23:59:23
获取最新开奖信息——————23:59:23
更新开奖结果 {'period': '2021276', 'content': '48,45,17,30,36,27,02', 't': '2021-10-04 23:59:24', 'video': '/lottery/video/2021/2032/2021276.mp4'}——————23:59:24
{'msg': '最新开奖更新成功'}——————23:59:24
执行完毕等待明天继续执行——————23:59:24
数据库现有结果 {'id': '1', 'issue': '2021277', 'lastIssue': '2021276'}——————23:59:32
获取开奖配置123——————23:59:32
拿到最新获取开奖配置 {'issue': '2021278', 'lastIssue': '2021277'}——————23:59:32
{'msg': 'CurrentInfo更新成功'}——————23:59:33
获取最新开奖信息——————23:59:33
更新开奖结果 {'period': '2021277', 'content': '45,05,35,10,33,04,34', 't': '2021-10-04 23:59:33', 'video': '/lottery/video/2021/2032/2021277.mp4'}——————23:59:33
{'msg': '最新开奖更新成功'}——————23:59:33
执行完毕等待明天继续执行——————23:59:33
数据库现有结果 {'issue': '2021278', 'lastIssue': '2021277'}——————23:59:45
获取开奖配置123——————23:59:45
接口返回值 {'code': 0, 'message': 'Success', 'data': {'lotteryId': 2032, 'pet': '牛', 'lotteryName': '澳門六合彩', 'issue': '2021278', 'lastIssue': '2021277', 'beginTime': '2021-10-04 21:15:00', 'endTime': '2021-10-05 21:15:00', 'serverTime': '2021-10-04 23:59:43', 'isMaintain': 0}}——————23:59:45
没有拿到最新获取开奖配置——————23:59:45
